#
# There is insufficient memory for the Java Runtime Environment to continue.
# Native memory allocation (malloc) failed to allocate 32744 bytes for ChunkPool::allocate
# Possible reasons:
#   The system is out of physical RAM or swap space
#   In 32 bit mode, the process size limit was hit
# Possible solutions:
#   Reduce memory load on the system
#   Increase physical memory or swap space
#   Check if swap backing store is full
#   Use 64 bit Java on a 64 bit OS
#   Decrease Java heap size (-Xmx/-Xms)
#   Decrease number of Java threads
#   Decrease Java thread stack sizes (-Xss)
#   Set larger code cache with -XX:ReservedCodeCacheSize=
# This output file may be truncated or incomplete.
#
#  Out of Memory Error (allocation.cpp:273), pid=6904, tid=6960
#
# JRE version: Java(TM) SE Runtime Environment (8.0_65-b17) (build 1.8.0_65-b17)
# Java VM: Java HotSpot(TM) 64-Bit Server VM (25.65-b01 mixed mode windows-amd64 compressed oops)
# Failed to write core dump. Minidumps are not enabled by default on client versions of Windows
#

---------------  T H R E A D  ---------------

Current thread (0x00000000567e4000):  JavaThread "C2 CompilerThread1" daemon [_thread_in_native, id=6960, stack(0x0000000057010000,0x0000000057110000)]

Stack: [0x0000000057010000,0x0000000057110000]
[error occurred during error reporting (printing stack bounds), id 0xc0000005]

Native frames: (J=compiled Java code, j=interpreted, Vv=VM code, C=native code)


Current CompileTask:
C2:   6518  765  s    4       sun.misc.URLClassPath::getNextLoader (88 bytes)


---------------  P R O C E S S  ---------------

Java Threads: ( => current thread )
  0x00000000575af800 JavaThread "Thread-3" daemon [_thread_in_native, id=5912, stack(0x000000005a780000,0x000000005a880000)]
  0x00000000575a4000 JavaThread "JavaFX-Launcher" [_thread_blocked, id=5100, stack(0x000000005a980000,0x000000005aa80000)]
  0x000000005757a800 JavaThread "JavaFX Application Thread" [_thread_in_native, id=6428, stack(0x00000000584a0000,0x00000000585a0000)]
  0x000000005756e800 JavaThread "Thread-1" daemon [_thread_blocked, id=6864, stack(0x0000000058650000,0x0000000058750000)]
  0x0000000056bc0000 JavaThread "QuantumRenderer-0" daemon [_thread_blocked, id=5780, stack(0x0000000057d20000,0x0000000057e20000)]
  0x0000000056836800 JavaThread "Service Thread" daemon [_thread_blocked, id=4244, stack(0x0000000057420000,0x0000000057520000)]
  0x00000000551cf000 JavaThread "C1 CompilerThread2" daemon [_thread_blocked, id=7028, stack(0x00000000571d0000,0x00000000572d0000)]
=>0x00000000567e4000 JavaThread "C2 CompilerThread1" daemon [_thread_in_native, id=6960, stack(0x0000000057010000,0x0000000057110000)]
  0x00000000567e0000 JavaThread "C2 CompilerThread0" daemon [_thread_in_native, id=6108, stack(0x00000000565c0000,0x00000000566c0000)]
  0x00000000567d9800 JavaThread "Attach Listener" daemon [_thread_blocked, id=7124, stack(0x0000000056ea0000,0x0000000056fa0000)]
  0x00000000567d8800 JavaThread "Signal Dispatcher" daemon [_thread_blocked, id=6704, stack(0x0000000056c70000,0x0000000056d70000)]
  0x0000000055166800 JavaThread "Finalizer" daemon [_thread_blocked, id=6764, stack(0x00000000566d0000,0x00000000567d0000)]
  0x000000005515f800 JavaThread "Reference Handler" daemon [_thread_blocked, id=6528, stack(0x00000000564b0000,0x00000000565b0000)]
  0x00000000025cf000 JavaThread "main" [_thread_blocked, id=4732, stack(0x00000000028a0000,0x00000000029a0000)]

Other Threads:
  0x000000005515a000 VMThread [stack: 0x0000000056270000,0x0000000056370000] [id=6556]
  0x000000005687e800 WatcherThread [stack: 0x00000000572d0000,0x00000000573d0000] [id=6844]

VM state:not at safepoint (normal execution)

VM Mutex/Monitor currently owned by a thread: None

Heap:
 PSYoungGen      total 18944K, used 7234K [0x00000000eab00000, 0x00000000ec000000, 0x0000000100000000)
  eden space 16384K, 28% used [0x00000000eab00000,0x00000000eaf973d0,0x00000000ebb00000)
  from space 2560K, 98% used [0x00000000ebb00000,0x00000000ebd79650,0x00000000ebd80000)
  to   space 2560K, 0% used [0x00000000ebd80000,0x00000000ebd80000,0x00000000ec000000)
 ParOldGen       total 44032K, used 664K [0x00000000c0000000, 0x00000000c2b00000, 0x00000000eab00000)
  object space 44032K, 1% used [0x00000000c0000000,0x00000000c00a6000,0x00000000c2b00000)
 Metaspace       used 11654K, capacity 12140K, committed 12288K, reserved 1060864K
  class space    used 1556K, capacity 1713K, committed 1792K, reserved 1048576K

Card table byte_map: [0x0000000011d60000,0x0000000011f70000] byte_map_base: 0x0000000011760000

Marking Bits: (ParMarkBitMap*) 0x000000005c30a5b0
 Begin Bits: [0x00000000125d0000, 0x00000000135d0000)
 End Bits:   [0x00000000135d0000, 0x00000000145d0000)

Polling page: 0x0000000000130000

CodeCache: size=245760Kb used=2943Kb max_used=2943Kb free=242816Kb
 bounds [0x00000000029a0000, 0x0000000002c90000, 0x00000000119a0000]
 total_blobs=1257 nmethods=766 adapters=405
 compilation: enabled

Compilation events (10 events):
Event: 6.150 Thread 0x00000000551cf000 nmethod 761 0x0000000002c7d8d0 code [0x0000000002c7da60, 0x0000000002c7dd78]
Event: 6.160 Thread 0x00000000567e0000 nmethod 762 0x0000000002c7bd10 code [0x0000000002c7be60, 0x0000000002c7c158]
Event: 6.169 Thread 0x00000000567e4000  763       4       sun.nio.cs.UTF_8$Decoder::decode (779 bytes)
Event: 6.172 Thread 0x00000000567e4000 nmethod 763 0x0000000002c7e950 code [0x0000000002c7eaa0, 0x0000000002c7ecb8]
Event: 6.511 Thread 0x00000000567e0000  764  s!   4       sun.misc.URLClassPath::getLoader (197 bytes)
Event: 6.511 Thread 0x00000000567e4000  765  s    4       sun.misc.URLClassPath::getNextLoader (88 bytes)
Event: 6.513 Thread 0x00000000551cf000  766       3       java.lang.invoke.MethodTypeForm::canonicalizeAll (66 bytes)
Event: 6.514 Thread 0x00000000551cf000 nmethod 766 0x0000000002c80490 code [0x0000000002c80640, 0x0000000002c80c58]
Event: 6.514 Thread 0x00000000551cf000  768       3       java.lang.invoke.LambdaForm$DMH/692404036::invokeStatic_LL_L (15 bytes)
Event: 6.515 Thread 0x00000000551cf000 nmethod 768 0x0000000002c7fc50 code [0x0000000002c7fde0, 0x0000000002c80358]

GC Heap History (2 events):
Event: 3.960 GC heap before
{Heap before GC invocations=1 (full 0):
 PSYoungGen      total 18944K, used 16384K [0x00000000eab00000, 0x00000000ec000000, 0x0000000100000000)
  eden space 16384K, 100% used [0x00000000eab00000,0x00000000ebb00000,0x00000000ebb00000)
  from space 2560K, 0% used [0x00000000ebd80000,0x00000000ebd80000,0x00000000ec000000)
  to   space 2560K, 0% used [0x00000000ebb00000,0x00000000ebb00000,0x00000000ebd80000)
 ParOldGen       total 44032K, used 0K [0x00000000c0000000, 0x00000000c2b00000, 0x00000000eab00000)
  object space 44032K, 0% used [0x00000000c0000000,0x00000000c0000000,0x00000000c2b00000)
 Metaspace       used 9748K, capacity 10118K, committed 10368K, reserved 1058816K
  class space    used 1220K, capacity 1341K, committed 1408K, reserved 1048576K
Event: 3.991 GC heap after
Heap after GC invocations=1 (full 0):
 PSYoungGen      total 18944K, used 2533K [0x00000000eab00000, 0x00000000ec000000, 0x0000000100000000)
  eden space 16384K, 0% used [0x00000000eab00000,0x00000000eab00000,0x00000000ebb00000)
  from space 2560K, 98% used [0x00000000ebb00000,0x00000000ebd79650,0x00000000ebd80000)
  to   space 2560K, 0% used [0x00000000ebd80000,0x00000000ebd80000,0x00000000ec000000)
 ParOldGen       total 44032K, used 664K [0x00000000c0000000, 0x00000000c2b00000, 0x00000000eab00000)
  object space 44032K, 1% used [0x00000000c0000000,0x00000000c00a6000,0x00000000c2b00000)
 Metaspace       used 9748K, capacity 10118K, committed 10368K, reserved 1058816K
  class space    used 1220K, capacity 1341K, committed 1408K, reserved 1048576K
}

Deoptimization events (7 events):
Event: 2.882 Thread 0x000000005757a800 Uncommon trap: reason=unstable_if action=reinterpret pc=0x0000000002b3e3a4 method=java.lang.String.replace(CC)Ljava/lang/String; @ 26
Event: 3.412 Thread 0x000000005757a800 Uncommon trap: reason=unstable_if action=reinterpret pc=0x0000000002b73b44 method=java.lang.String.indexOf([CII[CIII)I @ 134
Event: 3.536 Thread 0x000000005757a800 Uncommon trap: reason=unstable_if action=reinterpret pc=0x0000000002b536bc method=java.lang.String.startsWith(Ljava/lang/String;I)Z @ 25
Event: 3.654 Thread 0x000000005757a800 Uncommon trap: reason=unstable_if action=reinterpret pc=0x0000000002c0d05c method=java.io.BufferedInputStream.read()I @ 8
Event: 3.666 Thread 0x000000005757a800 Uncommon trap: reason=unstable_if action=reinterpret pc=0x0000000002bf868c method=java.util.HashMap.getNode(ILjava/lang/Object;)Ljava/util/HashMap$Node; @ 84
Event: 3.666 Thread 0x000000005757a800 Uncommon trap: reason=unstable_if action=reinterpret pc=0x0000000002bf2bf4 method=java.util.HashMap.getNode(ILjava/lang/Object;)Ljava/util/HashMap$Node; @ 84
Event: 6.168 Thread 0x000000005757a800 Uncommon trap: reason=unstable_if action=reinterpret pc=0x0000000002c732f4 method=sun.net.www.ParseUtil.encodePath(Ljava/lang/String;Z)Ljava/lang/String; @ 109

Internal exceptions (10 events):
Event: 1.830 Thread 0x00000000025cf000 Exception <a 'java/security/PrivilegedActionException'> (0x00000000eade4b78) thrown at [C:\workspace\8-2-build-windows-amd64-cygwin\jdk8u65\4987\hotspot\src\share\vm\prims\jvm.cpp, line 1386]
Event: 1.830 Thread 0x00000000025cf000 Exception <a 'java/security/PrivilegedActionException'> (0x00000000eade4d88) thrown at [C:\workspace\8-2-build-windows-amd64-cygwin\jdk8u65\4987\hotspot\src\share\vm\prims\jvm.cpp, line 1386]
Event: 1.830 Thread 0x00000000025cf000 Exception <a 'java/lang/NullPointerException'> (0x00000000eade5360) thrown at [C:\workspace\8-2-build-windows-amd64-cygwin\jdk8u65\4987\hotspot\src\share\vm\interpreter\linkResolver.cpp, line 1178]
Event: 3.328 Thread 0x000000005757a800 Exception <a 'java/lang/NullPointerException'> (0x00000000eb661d10) thrown at [C:\workspace\8-2-build-windows-amd64-cygwin\jdk8u65\4987\hotspot\src\share\vm\interpreter\linkResolver.cpp, line 1178]
Event: 3.328 Thread 0x000000005757a800 Exception <a 'java/lang/NullPointerException'> (0x00000000eb661d10) thrown at [C:\workspace\8-2-build-windows-amd64-cygwin\jdk8u65\4987\hotspot\src\share\vm\prims\jvm.cpp, line 1390]
Event: 4.515 Thread 0x000000005757a800 Exception <a 'java/lang/ArrayIndexOutOfBoundsException'> (0x00000000eac4f948) thrown at [C:\workspace\8-2-build-windows-amd64-cygwin\jdk8u65\4987\hotspot\src\share\vm\runtime\sharedRuntime.cpp, line 605]
Event: 4.548 Thread 0x000000005757a800 Exception <a 'java/lang/ArrayIndexOutOfBoundsException'> (0x00000000eac50460) thrown at [C:\workspace\8-2-build-windows-amd64-cygwin\jdk8u65\4987\hotspot\src\share\vm\runtime\sharedRuntime.cpp, line 605]
Event: 4.549 Thread 0x000000005757a800 Exception <a 'java/lang/ArrayIndexOutOfBoundsException'> (0x00000000eac51808) thrown at [C:\workspace\8-2-build-windows-amd64-cygwin\jdk8u65\4987\hotspot\src\share\vm\runtime\sharedRuntime.cpp, line 605]
Event: 5.853 Thread 0x00000000575af800 StackOverflowError at 0x0000000002b80718
Event: 5.853 Thread 0x00000000575af800 Exception <a 'java/lang/StackOverflowError'> (0x00000000eaee8b98) thrown at [C:\workspace\8-2-build-windows-amd64-cygwin\jdk8u65\4987\hotspot\src\share\vm\runtime\sharedRuntime.cpp, line 605]

Events (10 events):
Event: 6.513 loading class com/sun/glass/ui/TouchInputSupport done
Event: 6.513 loading class com/sun/glass/ui/TouchInputSupport
Event: 6.513 loading class com/sun/glass/ui/TouchInputSupport done
Event: 6.513 loading class com/sun/glass/ui/TouchInputSupport
Event: 6.513 loading class com/sun/glass/ui/TouchInputSupport done
Event: 6.514 loading class com/sun/glass/ui/GestureSupport
Event: 6.514 loading class com/sun/glass/ui/GestureSupport done
Event: 6.514 loading class com/sun/glass/ui/TouchInputSupport$TouchCountListener
Event: 6.514 loading class com/sun/glass/ui/TouchInputSupport$TouchCountListener done
Event: 6.516 loading class java/lang/StrictMath


Dynamic libraries:
0x000000013fca0000 - 0x000000013fcd7000 	C:\Program Files\Java\jdk1.8.0_65\bin\javaw.exe
0x0000000076fe0000 - 0x000000007718a000 	C:\Windows\SYSTEM32\ntdll.dll
0x0000000076dc0000 - 0x0000000076edf000 	C:\Windows\system32\kernel32.dll
0x000007fefcda0000 - 0x000007fefce0a000 	C:\Windows\system32\KERNELBASE.dll
0x000007feff080000 - 0x000007feff15b000 	C:\Windows\system32\ADVAPI32.dll
0x000007fefefe0000 - 0x000007feff07f000 	C:\Windows\system32\msvcrt.dll
0x000007fefd480000 - 0x000007fefd49f000 	C:\Windows\SYSTEM32\sechost.dll
0x000007fefd270000 - 0x000007fefd39d000 	C:\Windows\system32\RPCRT4.dll
0x0000000076ee0000 - 0x0000000076fda000 	C:\Windows\system32\USER32.dll
0x000007fefd6b0000 - 0x000007fefd717000 	C:\Windows\system32\GDI32.dll
0x000007fefd3a0000 - 0x000007fefd3ae000 	C:\Windows\system32\LPK.dll
0x000007fefd3b0000 - 0x000007fefd47a000 	C:\Windows\system32\USP10.dll
0x000007fefb5f0000 - 0x000007fefb7e4000 	C:\Windows\WinSxS\amd64_microsoft.windows.common-controls_6595b64144ccf1df_6.0.7601.18837_none_fa3b1e3d17594757\COMCTL32.dll
0x000007fefd0e0000 - 0x000007fefd151000 	C:\Windows\system32\SHLWAPI.dll
0x000007fefebe0000 - 0x000007fefec0e000 	C:\Windows\system32\IMM32.DLL
0x000007fefd160000 - 0x000007fefd269000 	C:\Windows\system32\MSCTF.dll
0x0000000067710000 - 0x00000000677e2000 	C:\Program Files\Java\jdk1.8.0_65\jre\bin\msvcr100.dll
0x000000005bb00000 - 0x000000005c389000 	C:\Program Files\Java\jdk1.8.0_65\jre\bin\server\jvm.dll
0x000007fef1420000 - 0x000007fef1429000 	C:\Windows\system32\WSOCK32.dll
0x000007fefec10000 - 0x000007fefec5d000 	C:\Windows\system32\WS2_32.dll
0x000007fefec60000 - 0x000007fefec68000 	C:\Windows\system32\NSI.dll
0x000007fef2fc0000 - 0x000007fef2ffb000 	C:\Windows\system32\WINMM.dll
0x000007fefbe70000 - 0x000007fefbe7c000 	C:\Windows\system32\VERSION.dll
0x00000000771b0000 - 0x00000000771b7000 	C:\Windows\system32\PSAPI.DLL
0x000000006d7a0000 - 0x000000006d7af000 	C:\Program Files\Java\jdk1.8.0_65\jre\bin\verify.dll
0x00000000679b0000 - 0x00000000679d9000 	C:\Program Files\Java\jdk1.8.0_65\jre\bin\java.dll
0x0000000067ba0000 - 0x0000000067bb6000 	C:\Program Files\Java\jdk1.8.0_65\jre\bin\zip.dll
0x000007fefdaf0000 - 0x000007fefe87c000 	C:\Windows\system32\SHELL32.dll
0x000007fefd4a0000 - 0x000007fefd6a3000 	C:\Windows\system32\ole32.dll
0x000007fefcd30000 - 0x000007fefcd3f000 	C:\Windows\system32\profapi.dll
0x000007fede740000 - 0x000007fede82f000 	C:\Program Files\Java\jdk1.8.0_65\jre\bin\msvcr120.dll
0x000007fedf820000 - 0x000007fedf8c6000 	C:\Program Files\Java\jdk1.8.0_65\jre\bin\msvcp120.dll
0x0000000067980000 - 0x00000000679a3000 	C:\Program Files\Java\jdk1.8.0_65\jre\bin\prism_d3d.dll
0x000007feec760000 - 0x000007feec95f000 	C:\Windows\system32\d3d9.dll
0x000007fee6790000 - 0x000007fee6797000 	C:\Windows\system32\d3d8thk.dll
0x000007fefafe0000 - 0x000007fefaff8000 	C:\Windows\system32\dwmapi.dll
0x000007fefb410000 - 0x000007fefb466000 	C:\Windows\system32\uxtheme.dll
0x000007fee3310000 - 0x000007fee342e000 	C:\Windows\system32\aticfx64.dll
0x000007fee32f0000 - 0x000007fee330f000 	C:\Windows\system32\atiu9p64.dll
0x000007fee2c50000 - 0x000007fee32e8000 	C:\Windows\system32\atiumd64.dll
0x000000006fbc0000 - 0x00000000700aa000 	C:\Windows\system32\atiumd6a.dll
0x0000000066590000 - 0x00000000665d3000 	C:\Program Files\Java\jdk1.8.0_65\jre\bin\glass.dll
0x000007fefda50000 - 0x000007fefdae7000 	C:\Windows\system32\COMDLG32.dll
0x000007fefeb00000 - 0x000007fefebd8000 	C:\Windows\system32\OLEAUT32.dll
0x000007fefcbc0000 - 0x000007fefcbcf000 	C:\Windows\system32\CRYPTBASE.dll
0x0000000066570000 - 0x0000000066584000 	C:\Program Files\Java\jdk1.8.0_65\jre\bin\javafx_font.dll
0x000007fee37a0000 - 0x000007fee3937000 	C:\Windows\system32\dwrite.dll

VM Arguments:
jvm_args: -Dfile.encoding=MS932 
java_command: application.Main
java_class_path (initial): C:\Users\mowe\workspace\Game\bin;C:\Users\mowe\.p2\pool\plugins\org.eclipse.fx.ide.css.jfx8_2.1.0.201508240705.jar
Launcher Type: SUN_STANDARD

Environment Variables:
CLASSPATH=.;C:\Program Files (x86)\QuickTime\QTSystem\QTJava.zip
PATH=C:/Program Files/Java/jre1.8.0_92/bin/server;C:/Program Files/Java/jre1.8.0_92/bin;C:/Program Files/Java/jre1.8.0_92/lib/amd64;C:\ProgramData\Oracle\Java\javapath;C:\Program Files (x86)\NVIDIA Corporation\PhysX\Common;C:\Program Files (x86)\AMD APP\bin\x86_64;C:\Program Files (x86)\AMD APP\bin\x86;C:\Program Files\Common Files\Microsoft Shared\Windows Live;C:\Program Files (x86)\Common Files\Microsoft Shared\Windows Live;C:\Windows\system32;C:\Windows;C:\Windows\System32\Wbem;C:\Windows\System32\WindowsPowerShell\v1.0\;C:\Program Files (x86)\ATI Technologies\ATI.ACE\Core-Static;C:\Program Files (x86)\QuickTime\QTSystem\;C:\Program Files (x86)\Windows Live\Shared;C:\Program Files (x86)\Skype\Phone\;C:\Program Files (x86)\MiKTeX 2.9\miktex\bin\;C:\Windows\system32;
USERNAME=mowe
OS=Windows_NT
PROCESSOR_IDENTIFIER=AMD64 Family 16 Model 4 Stepping 3, AuthenticAMD



---------------  S Y S T E M  ---------------

OS: Windows 7 , 64 bit Build 7601 (6.1.7601.23418)

CPU:total 4 (4 cores per cpu, 1 threads per core) family 16 model 4 stepping 3, cmov, cx8, fxsr, mmx, sse, sse2, sse3, popcnt, mmxext, 3dnowpref, lzcnt, sse4a, tsc, tscinvbit, tscinv

Memory: 4k page, physical 4193528k(494552k free), swap 6239668k(4360k free)

vm_info: Java HotSpot(TM) 64-Bit Server VM (25.65-b01) for windows-amd64 JRE (1.8.0_65-b17), built on Oct  6 2015 16:39:20 by "java_re" with MS VC++ 10.0 (VS2010)

time: Tue Aug 09 18:50:15 2016
elapsed time: 6 seconds (0d 0h 0m 6s)

